 3-D SLAB MODEL INPUT SUMMARY

	RUN IDENTIFIER: SLAB 
	WEATHER FILE ID: Atlanta Hartsfield Intl Ap GA USA TMY3
	LONGITUDE (DEG):   84.4 LATITUDE (DEG):  33.6
	STANDARD TIME MERIDIAN (DEG):   90.0
	ELEVATION (M):  308.0

 SOIL AND SURFACE PROPERTIES:

 ALBEDO:
 NO SNOW: 0.1600     SNOW: 0.4000    
 LONG-WAVE EMISSIVITY:
 NO SNOW: 0.9400     SNOW: 0.8600    
 ROUGHNESS LENGTH (CM):
 NO SNOW: 0.7500    	SNOW: 0.2500    
 DENSITY (KG/M**3):  1200.    
 SPECIFIC HEAT (J/KG/K):  1200.    
 THERMAL CONDUCTIVTTY (W/M/K):  1.000    

 FLOOR MATERIAL PROPERTIES AND DIMENSIONS:

 DENSITY:  2300.    
 SPECIFIC HEAT:  650.0    
 THERMAL CONDUCTIVITY: 0.9000    
 UNDER-SLAB INSULATION:	RESISTANCE (M**2 K/W):  0.000     WIDTH (M):  0.000    
 FOUNDATION WALL INSULATION RESISTANCE (M**2 K/W):  0.000     DEPTH (m):  0.000    
 FLOOR SHAPE: 0
 FLOOR AREA (M**2):  1600.    
 PERIMETER (M):  160.0    
 MIN X (M): -20.00     MAX X:  20.00    
 MIN Y (M): -20.00     MAX Y:  20.00    
 FLOOR THICKNESS (M): 0.2000    
 BUILDING HEIGHT (M):  7.600    

 BOUNDARY CONDITIONS:

 INSIDE AIR TEMP(June). (C): 27.00    
 FLOOR-AIR HEAT TRANSFER COEFF. (W/M**2/K): 
 Q INTO FLOOR:  6.130     Q OUT OF FLOOR:  9.260    
 POTENTIAL EVAPOTRANSPIRATION SURFACE BOUNDARY
 NO SHADING OF GROUND BY BUILDING INCLUDED
 FIXED TEMPERATURE LOWER BOUNDARY
 CELL X-COORDINATES (M):
 -35.00 -32.00 -29.00 -26.00 -23.00 -22.00 -21.00 -20.50 -20.20 -20.00
 -19.80 -19.50 -19.00 -18.00 -17.00 -15.00 -13.00 -11.00  -9.00  -7.00
  -5.00  -3.00  -1.00   0.00   1.00   3.00   5.00   7.00   9.00  11.00
  13.00  15.00  17.00  18.00  19.00  19.50  19.80  20.00  20.20  20.50

  21.00  22.00  23.00  26.00  29.00  32.00  35.00
 CELL Y-COORDINATES (M):
 -35.00 -32.00 -29.00 -26.00 -23.00 -22.00 -21.00 -20.50 -20.20 -20.00
 -19.80 -19.50 -19.00 -18.00 -17.00 -15.00 -13.00 -11.00  -9.00  -7.00
  -5.00  -3.00  -1.00   0.00   1.00   3.00   5.00   7.00   9.00  11.00
  13.00  15.00  17.00  18.00  19.00  19.50  19.80  20.00  20.20  20.50

  21.00  22.00  23.00  26.00  29.00  32.00  35.00
 CELL Z-COORDINATES (M):
   0.00   0.20   0.44   0.61   1.10   1.60   2.10   3.10   4.10  15.00

MAXITER=    10
Convergence Tolerance=       1.00    
